<?xml version="1.0" encoding="UTF-8"?>
<!-- Generated by org.testng.reporters.JUnitReportReporter -->
<testsuite skipped="0" hostname="DSK-0504" name="com.automationpractice.test.AutomationTest" tests="1" failures="0" timestamp="20 jul 2018 17:23:39 GMT" time="5.427" errors="0">
  <testcase name="ValidaCompra" time="5.427" classname="com.automationpractice.test.AutomationTest"/>
</testsuite> <!-- com.automationpractice.test.AutomationTest -->
