<?xml version="1.0" encoding="UTF-8"?>
<!-- Generated by org.testng.reporters.JUnitReportReporter -->
<testsuite skipped="0" hostname="Rafael-pc" name="com.automationpractice.test.AutomationTest" tests="1" failures="0" timestamp="23 jul 2018 00:39:05 GMT" time="70.588" errors="0">
  <testcase name="ValidaCompra" time="70.588" classname="com.automationpractice.test.AutomationTest"/>
</testsuite> <!-- com.automationpractice.test.AutomationTest -->
